<?xml version="1.0" encoding="UTF-8"?>
<coverage generated="1488560711">
    <project timestamp="1488560711">
        <package name="App\Console">
            <file name="src/App.php">
                <class name="Kernel" namespace="App\Console">
                    <metrics complexity="2" methods="2" coveredmethods="1" conditionals="0" coveredconditionals="0" statements="3" coveredstatements="1" elements="5"
                             coveredelements="2"/>
                </class>
                <line num="3" type="method" name="schedule" visibility="protected" complexity="1" crap="1" count="1"/>
                <line num="4" type="stmt" count="1"/>
                <line num="6" type="method" name="commands" visibility="protected" complexity="1" crap="2" count="0"/>
                <line num="7" type="stmt" count="0"/>
                <metrics loc="40" ncloc="18" classes="1" methods="2" coveredmethods="1" conditionals="0" coveredconditionals="0" statements="3" coveredstatements="1" elements="5"
                         coveredelements="2"/>
            </file>
        </package>
    </project>
</coverage>
