<?xml version="1.0" encoding="UTF-8"?>
<coverage generated="1234543251" phpunit="3.3.1">
  <project name="AllTests" timestamp="1234543251">
    <file name="src/IndexControllerTest.php">
      <class name="IndexControllerTest" namespace="global">
        <metrics methods="5" coveredmethods="4" statements="7" coveredstatements="11" elements="12" coveredelements="15"/>
      </class>
      <line num="23" type="method" count="1"/>
      <line num="24" type="stmt" count="1"/>
      <line num="25" type="stmt" count="1"/>
      <line num="26" type="stmt" count="1"/>
      <line num="31" type="method" count="1"/>
      <line num="32" type="stmt" count="1"/>
      <line num="33" type="stmt" count="1"/>
      <line num="38" type="method" count="1"/>
      <line num="39" type="stmt" count="1"/>
      <line num="40" type="stmt" count="1"/>
      <line num="45" type="method" count="1"/>
      <line num="46" type="stmt" count="1"/>
      <line num="51" type="method" count="1"/>
      <line num="52" type="stmt" count="1"/>
      <line num="53" type="stmt" count="1"/>
      <line num="54" type="stmt" count="1"/>
      <line num="55" type="stmt" count="1"/>
      <metrics loc="56" ncloc="28" classes="1" methods="5" coveredmethods="4" statements="12" coveredstatements="11" elements="17" coveredelements="15"/>
    </file>
    <file name="src/Monkey.php">
      <class name="Monkey" namespace="global" fullPackage="Animals.Monkey" category="Monkey" package="Animals">
        <metrics methods="2" coveredmethods="0" statements="3" coveredstatements="0" elements="6" coveredelements="3"/>
      </class>
      <line num="0" type="method" count="1"/>
      <line num="34" type="method" count="1"/>
      <line num="35" type="stmt" count="1"/>
      <line num="38" type="stmt" count="1"/>
      <line num="40" type="stmt" count="0"/>
      <line num="45" type="method" count="1"/>
      <line num="46" type="stmt" count="1"/>
      <line num="100" type="stmt" count="1"/>
      <metrics loc="49" ncloc="20" classes="1" methods="2" coveredmethods="2" statements="4" coveredstatements="2" elements="6" coveredelements="3"/>
    </file>
    <file name="src/Banana.php">
      <class name="Banana" namespace="global" fullPackage="Fruits.Banana" category="Banana" package="Animals">
        <metrics methods="2" coveredmethods="0" statements="3" coveredstatements="0" elements="5" coveredelements="0"/>
      </class>
      <line num="34" type="method" count="0"/>
      <line num="35" type="stmt" count="0"/>
      <line num="38" type="stmt" count="0"/>
      <line num="40" type="stmt" count="0"/>
      <line num="45" type="method" count="1"/>
      <line num="46" type="stmt" count="1"/>
      <metrics loc="49" ncloc="20" classes="1" methods="2" coveredmethods="0" statements="4" coveredstatements="0" elements="6" coveredelements="0"/>
    </file>
    <metrics files="34" loc="3147" ncloc="1621" classes="34" methods="94" coveredmethods="25" statements="100" coveredstatements="25" elements="100" coveredelements="25"/>
  </project>
</coverage>
