<?xml version="1.0" encoding="UTF-8"?>
<coverage generated="1234543251" phpunit="3.3.1">
  <project name="AllTests" timestamp="1234543251">
    <file name="src/Monkey.php">
      <class name="IndexControllerTest" namespace="global">
        <metrics methods="5" coveredmethods="4" statements="7" coveredstatements="11" elements="12" coveredelements="15"/>
      </class>
      <metrics loc="56" ncloc="28" classes="1" methods="0" coveredmethods="0" conditionals="0" coveredconditionals="0" statements="0" coveredstatements="0" elements="0" coveredelements="0"/>
    </file>
    <metrics files="34" loc="3147" ncloc="1621" classes="34" methods="94" coveredmethods="25" statements="100" coveredstatements="25" elements="100" coveredelements="25"/>
  </project>
</coverage>
